2018-11-11 13:28:32 [INFO ] org.springframework.context.support.AbstractApplicationContext.prepareRefresh(AbstractApplicationContext.java:583) - Refreshing org.springframework.context.support.ClassPathXmlApplicationContext@27fe3806: startup date [Sun Nov 11 13:28:32 CST 2018]; root of context hierarchy
2018-11-11 13:28:32 [INFO ] org.springframework.beans.factory.xml.XmlBeanDefinitionReader.loadBeanDefinitions(XmlBeanDefinitionReader.java:317) - Loading XML bean definitions from URL [file:/C:/Users/dayon/git/dayon/framework/framework-center/target/classes/spring-context.xml]
2018-11-11 13:28:32 [INFO ] org.springframework.beans.factory.xml.XmlBeanDefinitionReader.loadBeanDefinitions(XmlBeanDefinitionReader.java:317) - Loading XML bean definitions from class path resource [spring-mybatis.xml]
2018-11-11 13:28:35 [INFO ] com.alibaba.druid.pool.DruidDataSource.init(DruidDataSource.java:930) - {dataSource-1} inited
2018-11-11 13:28:35 [INFO ] org.springframework.beans.factory.xml.XmlBeanDefinitionReader.loadBeanDefinitions(XmlBeanDefinitionReader.java:317) - Loading XML bean definitions from class path resource [org/springframework/jdbc/support/sql-error-codes.xml]
2018-11-11 13:28:35 [INFO ] org.springframework.jdbc.support.SQLErrorCodesFactory.<init>(SQLErrorCodesFactory.java:127) - SQLErrorCodes loaded: [DB2, Derby, H2, HSQL, Informix, MS-SQL, MySQL, Oracle, PostgreSQL, Sybase, Hana]
2018-11-11 13:29:16 [INFO ] org.springframework.context.support.AbstractApplicationContext.prepareRefresh(AbstractApplicationContext.java:583) - Refreshing org.springframework.context.support.ClassPathXmlApplicationContext@1d7acb34: startup date [Sun Nov 11 13:29:16 CST 2018]; root of context hierarchy
2018-11-11 13:29:16 [INFO ] org.springframework.beans.factory.xml.XmlBeanDefinitionReader.loadBeanDefinitions(XmlBeanDefinitionReader.java:317) - Loading XML bean definitions from URL [file:/C:/Users/dayon/git/dayon/framework/framework-center/target/classes/spring-context.xml]
2018-11-11 13:29:16 [INFO ] org.springframework.beans.factory.xml.XmlBeanDefinitionReader.loadBeanDefinitions(XmlBeanDefinitionReader.java:317) - Loading XML bean definitions from class path resource [spring-mybatis.xml]
2018-11-11 13:29:17 [INFO ] com.alibaba.druid.pool.DruidDataSource.init(DruidDataSource.java:930) - {dataSource-1} inited
2018-11-11 13:29:18 [INFO ] org.springframework.beans.factory.xml.XmlBeanDefinitionReader.loadBeanDefinitions(XmlBeanDefinitionReader.java:317) - Loading XML bean definitions from class path resource [org/springframework/jdbc/support/sql-error-codes.xml]
2018-11-11 13:29:18 [INFO ] org.springframework.jdbc.support.SQLErrorCodesFactory.<init>(SQLErrorCodesFactory.java:127) - SQLErrorCodes loaded: [DB2, Derby, H2, HSQL, Informix, MS-SQL, MySQL, Oracle, PostgreSQL, Sybase, Hana]
2018-11-11 13:29:46 [INFO ] org.springframework.context.support.AbstractApplicationContext.prepareRefresh(AbstractApplicationContext.java:583) - Refreshing org.springframework.context.support.ClassPathXmlApplicationContext@1d7acb34: startup date [Sun Nov 11 13:29:46 CST 2018]; root of context hierarchy
2018-11-11 13:29:46 [INFO ] org.springframework.beans.factory.xml.XmlBeanDefinitionReader.loadBeanDefinitions(XmlBeanDefinitionReader.java:317) - Loading XML bean definitions from URL [file:/C:/Users/dayon/git/dayon/framework/framework-center/target/classes/spring-context.xml]
2018-11-11 13:29:47 [INFO ] org.springframework.beans.factory.xml.XmlBeanDefinitionReader.loadBeanDefinitions(XmlBeanDefinitionReader.java:317) - Loading XML bean definitions from class path resource [spring-mybatis.xml]
2018-11-11 13:29:48 [INFO ] com.alibaba.druid.pool.DruidDataSource.init(DruidDataSource.java:930) - {dataSource-1} inited
2018-11-11 13:29:48 [INFO ] org.springframework.beans.factory.xml.XmlBeanDefinitionReader.loadBeanDefinitions(XmlBeanDefinitionReader.java:317) - Loading XML bean definitions from class path resource [org/springframework/jdbc/support/sql-error-codes.xml]
2018-11-11 13:29:48 [INFO ] org.springframework.jdbc.support.SQLErrorCodesFactory.<init>(SQLErrorCodesFactory.java:127) - SQLErrorCodes loaded: [DB2, Derby, H2, HSQL, Informix, MS-SQL, MySQL, Oracle, PostgreSQL, Sybase, Hana]
2018-11-11 13:32:43 [INFO ] org.springframework.context.support.AbstractApplicationContext.prepareRefresh(AbstractApplicationContext.java:583) - Refreshing org.springframework.context.support.ClassPathXmlApplicationContext@27fe3806: startup date [Sun Nov 11 13:32:43 CST 2018]; root of context hierarchy
2018-11-11 13:32:43 [INFO ] org.springframework.beans.factory.xml.XmlBeanDefinitionReader.loadBeanDefinitions(XmlBeanDefinitionReader.java:317) - Loading XML bean definitions from URL [file:/C:/Users/dayon/git/dayon/framework/framework-center/target/classes/spring-context.xml]
2018-11-11 13:32:43 [INFO ] org.springframework.beans.factory.xml.XmlBeanDefinitionReader.loadBeanDefinitions(XmlBeanDefinitionReader.java:317) - Loading XML bean definitions from class path resource [spring-mybatis.xml]
2018-11-11 13:32:44 [INFO ] com.alibaba.druid.pool.DruidDataSource.init(DruidDataSource.java:930) - {dataSource-1} inited
2018-11-11 13:33:18 [INFO ] org.springframework.context.support.AbstractApplicationContext.prepareRefresh(AbstractApplicationContext.java:583) - Refreshing org.springframework.context.support.ClassPathXmlApplicationContext@1d7acb34: startup date [Sun Nov 11 13:33:18 CST 2018]; root of context hierarchy
2018-11-11 13:33:18 [INFO ] org.springframework.beans.factory.xml.XmlBeanDefinitionReader.loadBeanDefinitions(XmlBeanDefinitionReader.java:317) - Loading XML bean definitions from URL [file:/C:/Users/dayon/git/dayon/framework/framework-center/target/classes/spring-context.xml]
2018-11-11 13:33:18 [INFO ] org.springframework.beans.factory.xml.XmlBeanDefinitionReader.loadBeanDefinitions(XmlBeanDefinitionReader.java:317) - Loading XML bean definitions from class path resource [spring-mybatis.xml]
2018-11-11 13:33:19 [INFO ] com.alibaba.druid.pool.DruidDataSource.init(DruidDataSource.java:930) - {dataSource-1} inited
2018-11-11 13:34:16 [INFO ] org.springframework.context.support.AbstractApplicationContext.prepareRefresh(AbstractApplicationContext.java:583) - Refreshing org.springframework.context.support.ClassPathXmlApplicationContext@1d7acb34: startup date [Sun Nov 11 13:34:16 CST 2018]; root of context hierarchy
2018-11-11 13:34:16 [INFO ] org.springframework.beans.factory.xml.XmlBeanDefinitionReader.loadBeanDefinitions(XmlBeanDefinitionReader.java:317) - Loading XML bean definitions from URL [file:/C:/Users/dayon/git/dayon/framework/framework-center/target/classes/spring-context.xml]
2018-11-11 13:34:17 [INFO ] org.springframework.beans.factory.xml.XmlBeanDefinitionReader.loadBeanDefinitions(XmlBeanDefinitionReader.java:317) - Loading XML bean definitions from class path resource [spring-mybatis.xml]
2018-11-11 13:34:17 [INFO ] com.alibaba.druid.pool.DruidDataSource.init(DruidDataSource.java:930) - {dataSource-1} inited
